<?xml version="1.0" encoding="UTF-8"?>
<!-- Generated by org.testng.reporters.JUnitXMLReporter -->
<testsuite hostname="ani-PC" name="Default test" tests="3" failures="0" timestamp="8 May 2020 15:48:35 GMT" time="6.893" errors="0">
  <testcase name="loginTest" time="1.044" classname="com.amazon.test.MobileTest"/>
  <testcase name="homeTest" time="0.244" classname="com.amazon.test.MobileTest"/>
  <testcase name="searchTest" time="1.614" classname="com.amazon.test.MobileTest"/>
</testsuite> <!-- Default test -->
