<?xml version="1.0" encoding="UTF-8"?>
<testng-results skipped="0" failed="0" total="3" passed="3">
  <reporter-output>
  </reporter-output>
  <suite name="Main Test Suite" duration-ms="3594" started-at="2020-05-08T15:49:15Z" finished-at="2020-05-08T15:49:18Z">
    <groups>
    </groups>
    <test name="test" duration-ms="3594" started-at="2020-05-08T15:49:15Z" finished-at="2020-05-08T15:49:18Z">
      <class name="com.amazon.test.MobileTest">
        <test-method status="PASS" signature="launchMobileApp()[pri:0, instance:com.amazon.test.MobileTest@3d6f0054]" name="launchMobileApp" is-config="true" duration-ms="3333" started-at="2020-05-08T21:19:15Z" finished-at="2020-05-08T21:19:18Z">
          <reporter-output>
          </reporter-output>
        </test-method> <!-- launchMobileApp -->
        <test-method status="PASS" signature="loginTest()[pri:1, instance:com.amazon.test.MobileTest@3d6f0054]" name="loginTest" duration-ms="182" started-at="2020-05-08T21:19:18Z" finished-at="2020-05-08T21:19:18Z">
          <reporter-output>
          </reporter-output>
        </test-method> <!-- loginTest -->
        <test-method status="PASS" signature="homeTest()[pri:2, instance:com.amazon.test.MobileTest@3d6f0054]" name="homeTest" duration-ms="46" started-at="2020-05-08T21:19:18Z" finished-at="2020-05-08T21:19:18Z">
          <reporter-output>
          </reporter-output>
        </test-method> <!-- homeTest -->
        <test-method status="PASS" signature="searchTest()[pri:3, instance:com.amazon.test.MobileTest@3d6f0054]" name="searchTest" duration-ms="7" started-at="2020-05-08T21:19:18Z" finished-at="2020-05-08T21:19:18Z">
          <reporter-output>
          </reporter-output>
        </test-method> <!-- searchTest -->
        <test-method status="PASS" signature="tearDown()[pri:0, instance:com.amazon.test.MobileTest@3d6f0054]" name="tearDown" is-config="true" duration-ms="0" started-at="2020-05-08T21:19:18Z" finished-at="2020-05-08T21:19:18Z">
          <reporter-output>
          </reporter-output>
        </test-method> <!-- tearDown -->
      </class> <!-- com.amazon.test.MobileTest -->
    </test> <!-- test -->
  </suite> <!-- Main Test Suite -->
</testng-results>
