<?xml version="1.0" encoding="UTF-8"?>
<!-- Generated by org.testng.reporters.JUnitXMLReporter -->
<testsuite hostname="ani-PC" name="test" tests="3" failures="0" timestamp="8 May 2020 15:49:18 GMT" time="3.594" errors="0">
  <testcase name="loginTest" time="0.182" classname="com.amazon.test.MobileTest"/>
  <testcase name="homeTest" time="0.046" classname="com.amazon.test.MobileTest"/>
  <testcase name="searchTest" time="0.007" classname="com.amazon.test.MobileTest"/>
</testsuite> <!-- test -->
